<?xml version="1.0" encoding="UTF-8"?>
<!-- Generated by org.testng.reporters.JUnitReportReporter -->
<testsuite hostname="AJJU" failures="0" tests="2" name="testClassPack.TestClass45" time="49.916" errors="0" timestamp="2023-03-29T15:44:54 IST" skipped="0">
  <testcase classname="testClassPack.TestClass45" name="VerifyBhujiaSevProduct" time="34.272"/>
  <system-out/>
  <testcase classname="testClassPack.TestClass45" name="verifySweets" time="15.644"/>
  <system-out/>
</testsuite> <!-- testClassPack.TestClass45 -->
